{"name": "test_case_01", "status": "failed", "statusDetails": {"message": "AssertionError: assert False\n +  where False = <method-wrapper '__eq__' of str object at 0x000000000355EC00>('17')\n +    where <method-wrapper '__eq__' of str object at 0x000000000355EC00> = '17.0'.__eq__", "trace": "start_app = <appium.webdriver.webdriver.WebDriver (session=\"be570a3f-6bad-4b34-8c9e-8e3301f11042\")>\n\n    def test_case_01(start_app):\n        driver=start_app\n        driver.find_element_by_id(\"com.sky.jisuanji:id/btn9\").click()\n        driver.find_element_by_id(\"com.sky.jisuanji:id/jia\").click()\n        driver.find_element_by_id(\"com.sky.jisuanji:id/btn8\").click()\n        driver.find_element_by_id(\"com.sky.jisuanji:id/denyu\").click()\n        result=driver.find_element_by_id(\"com.sky.jisuanji:id/text\").text\n>       assert result.__eq__(\"17\")\nE       AssertionError: assert False\nE        +  where False = <method-wrapper '__eq__' of str object at 0x000000000355EC00>('17')\nE        +    where <method-wrapper '__eq__' of str object at 0x000000000355EC00> = '17.0'.__eq__\n\ntestcases\\test_basic_calculate\\test_add_function.py:12: AssertionError"}, "start": 1630785657692, "stop": 1630785661413, "uuid": "4af46ba1-786a-4acb-8038-c3e4b51ddeb8", "historyId": "61f06cdca063a4c9b636280b7b917823", "testCaseId": "293b62ec3b3a12c24c2573dbfb355345", "fullName": "testcases.test_basic_calculate.test_add_function#test_case_01", "labels": [{"name": "parentSuite", "value": "testcases.test_basic_calculate"}, {"name": "suite", "value": "test_add_function"}, {"name": "host", "value": "BF-20200205MLYR"}, {"name": "thread", "value": "96964-MainThread"}, {"name": "framework", "value": "pytest"}, {"name": "language", "value": "cpython3"}, {"name": "package", "value": "testcases.test_basic_calculate.test_add_function"}]}